#
# There is insufficient memory for the Java Runtime Environment to continue.
# Native memory allocation (malloc) failed to allocate 1433840 bytes for Chunk::new
# Possible reasons:
#   The system is out of physical RAM or swap space
#   In 32 bit mode, the process size limit was hit
# Possible solutions:
#   Reduce memory load on the system
#   Increase physical memory or swap space
#   Check if swap backing store is full
#   Use 64 bit Java on a 64 bit OS
#   Decrease Java heap size (-Xmx/-Xms)
#   Decrease number of Java threads
#   Decrease Java thread stack sizes (-Xss)
#   Set larger code cache with -XX:ReservedCodeCacheSize=
# This output file may be truncated or incomplete.
#
#  Out of Memory Error (allocation.cpp:390), pid=1184, tid=0x00000000000011bc
#
# JRE version: Java(TM) SE Runtime Environment (8.0_171-b11) (build 1.8.0_171-b11)
# Java VM: Java HotSpot(TM) 64-Bit Server VM (25.171-b11 mixed mode windows-amd64 compressed oops)
# Failed to write core dump. Call to MiniDumpWriteDump() failed (Error 0x800705af: The paging file is too small for this operation to complete.
)
#

---------------  T H R E A D  ---------------

Current thread (0x0000000054dde000):  JavaThread "C2 CompilerThread0" daemon [_thread_in_native, id=4540, stack(0x0000000056030000,0x0000000056130000)]

Stack: [0x0000000056030000,0x0000000056130000]
[error occurred during error reporting (printing stack bounds), id 0xc0000005]

Native frames: (J=compiled Java code, j=interpreted, Vv=VM code, C=native code)


Current CompileTask:
C2:  19638 4173       4       java.net.URLClassLoader$1::run (5 bytes)


---------------  P R O C E S S  ---------------

Java Threads: ( => current thread )
  0x0000000056183000 JavaThread "Service Thread" daemon [_thread_blocked, id=3444, stack(0x0000000056680000,0x0000000056780000)]
  0x000000005617b800 JavaThread "C1 CompilerThread1" daemon [_thread_blocked, id=4208, stack(0x0000000055bd0000,0x0000000055cd0000)]
=>0x0000000054dde000 JavaThread "C2 CompilerThread0" daemon [_thread_in_native, id=4540, stack(0x0000000056030000,0x0000000056130000)]
  0x0000000054dd4000 JavaThread "Monitor Ctrl-Break" daemon [_thread_in_native, id=3940, stack(0x0000000055ee0000,0x0000000055fe0000)]
  0x0000000054d9a800 JavaThread "Attach Listener" daemon [_thread_blocked, id=592, stack(0x0000000055cd0000,0x0000000055dd0000)]
  0x0000000054d99000 JavaThread "Signal Dispatcher" daemon [_thread_blocked, id=3908, stack(0x0000000055810000,0x0000000055910000)]
  0x0000000054d6b000 JavaThread "Finalizer" daemon [_thread_blocked, id=4464, stack(0x0000000055a60000,0x0000000055b60000)]
  0x0000000054d27800 JavaThread "Reference Handler" daemon [_thread_blocked, id=4468, stack(0x0000000055950000,0x0000000055a50000)]
  0x0000000002070800 JavaThread "main" [_thread_in_native, id=3468, stack(0x0000000002520000,0x0000000002620000)]

Other Threads:
  0x0000000054d1f800 VMThread [stack: 0x0000000055680000,0x0000000055780000] [id=2352]
  0x0000000056188000 WatcherThread [stack: 0x0000000056580000,0x0000000056680000] [id=4600]

VM state:not at safepoint (normal execution)

VM Mutex/Monitor currently owned by a thread: None

Heap:
 PSYoungGen      total 73728K, used 62686K [0x00000000eab00000, 0x00000000efd00000, 0x0000000100000000)
  eden space 64512K, 97% used [0x00000000eab00000,0x00000000ee837ae8,0x00000000eea00000)
  from space 9216K, 0% used [0x00000000eea00000,0x00000000eea00000,0x00000000ef300000)
  to   space 8192K, 0% used [0x00000000ef300000,0x00000000ef300000,0x00000000efb00000)
 ParOldGen       total 58880K, used 26389K [0x00000000c0000000, 0x00000000c3980000, 0x00000000eab00000)
  object space 58880K, 44% used [0x00000000c0000000,0x00000000c19c5618,0x00000000c3980000)
 Metaspace       used 22303K, capacity 22856K, committed 23088K, reserved 1069056K
  class space    used 2661K, capacity 2811K, committed 2864K, reserved 1048576K

Card table byte_map: [0x00000000119e0000,0x0000000011bf0000] byte_map_base: 0x00000000113e0000

Marking Bits: (ParMarkBitMap*) 0x00000000708608c0
 Begin Bits: [0x00000000121f0000, 0x00000000131f0000)
 End Bits:   [0x00000000131f0000, 0x00000000141f0000)

Polling page: 0x0000000000210000

CodeCache: size=245760Kb used=12800Kb max_used=13229Kb free=232959Kb
 bounds [0x0000000002620000, 0x0000000003340000, 0x0000000011620000]
 total_blobs=4192 nmethods=3813 adapters=292
 compilation: enabled

Compilation events (10 events):
Event: 19.522 Thread 0x000000005617b800 4236       3       java.io.OutputStream::flush (1 bytes)
Event: 19.522 Thread 0x000000005617b800 nmethod 4236 0x00000000028bc110 code [0x00000000028bc260, 0x00000000028bc3b0]
Event: 19.527 Thread 0x000000005617b800 4237   !   3       java.util.zip.ZipFile$ZipEntryIterator::hasNext (41 bytes)
Event: 19.527 Thread 0x000000005617b800 nmethod 4237 0x00000000028bb990 code [0x00000000028bbb00, 0x00000000028bbf08]
Event: 19.528 Thread 0x000000005617b800 4238   !   3       java.util.zip.ZipFile$ZipEntryIterator::next (212 bytes)
Event: 19.529 Thread 0x000000005617b800 nmethod 4238 0x00000000028b8890 code [0x00000000028b8c00, 0x00000000028ba538]
Event: 19.533 Thread 0x000000005617b800 4239   !   3       java.util.zip.Deflater::finish (23 bytes)
Event: 19.533 Thread 0x000000005617b800 nmethod 4239 0x00000000028b8350 code [0x00000000028b84c0, 0x00000000028b87b0]
Event: 19.534 Thread 0x000000005617b800 4240       3       org.springframework.boot.loader.tools.JarWriter$ZipHeaderPeekInputStream::read (45 bytes)
Event: 19.534 Thread 0x000000005617b800 nmethod 4240 0x00000000028b7c50 code [0x00000000028b7de0, 0x00000000028b8198]

GC Heap History (10 events):
Event: 3.768 GC heap before
{Heap before GC invocations=6 (full 0):
 PSYoungGen      total 35328K, used 35320K [0x00000000eab00000, 0x00000000efb00000, 0x0000000100000000)
  eden space 32768K, 100% used [0x00000000eab00000,0x00000000ecb00000,0x00000000ecb00000)
  from space 2560K, 99% used [0x00000000ecb00000,0x00000000ecd7e010,0x00000000ecd80000)
  to   space 8192K, 0% used [0x00000000ef300000,0x00000000ef300000,0x00000000efb00000)
 ParOldGen       total 44032K, used 11279K [0x00000000c0000000, 0x00000000c2b00000, 0x00000000eab00000)
  object space 44032K, 25% used [0x00000000c0000000,0x00000000c0b03c50,0x00000000c2b00000)
 Metaspace       used 15354K, capacity 15674K, committed 15872K, reserved 1062912K
  class space    used 1860K, capacity 1945K, committed 2048K, reserved 1048576K
Event: 3.787 GC heap after
Heap after GC invocations=6 (full 0):
 PSYoungGen      total 72704K, used 7020K [0x00000000eab00000, 0x00000000efd00000, 0x0000000100000000)
  eden space 64512K, 0% used [0x00000000eab00000,0x00000000eab00000,0x00000000eea00000)
  from space 8192K, 85% used [0x00000000ef300000,0x00000000ef9db278,0x00000000efb00000)
  to   space 9216K, 0% used [0x00000000eea00000,0x00000000eea00000,0x00000000ef300000)
 ParOldGen       total 44032K, used 11287K [0x00000000c0000000, 0x00000000c2b00000, 0x00000000eab00000)
  object space 44032K, 25% used [0x00000000c0000000,0x00000000c0b05c50,0x00000000c2b00000)
 Metaspace       used 15354K, capacity 15674K, committed 15872K, reserved 1062912K
  class space    used 1860K, capacity 1945K, committed 2048K, reserved 1048576K
}
Event: 5.368 GC heap before
{Heap before GC invocations=7 (full 0):
 PSYoungGen      total 72704K, used 71532K [0x00000000eab00000, 0x00000000efd00000, 0x0000000100000000)
  eden space 64512K, 100% used [0x00000000eab00000,0x00000000eea00000,0x00000000eea00000)
  from space 8192K, 85% used [0x00000000ef300000,0x00000000ef9db278,0x00000000efb00000)
  to   space 9216K, 0% used [0x00000000eea00000,0x00000000eea00000,0x00000000ef300000)
 ParOldGen       total 44032K, used 11287K [0x00000000c0000000, 0x00000000c2b00000, 0x00000000eab00000)
  object space 44032K, 25% used [0x00000000c0000000,0x00000000c0b05c50,0x00000000c2b00000)
 Metaspace       used 15773K, capacity 16088K, committed 16384K, reserved 1062912K
  class space    used 1874K, capacity 1950K, committed 2048K, reserved 1048576K
Event: 5.399 GC heap after
Heap after GC invocations=7 (full 0):
 PSYoungGen      total 73728K, used 9184K [0x00000000eab00000, 0x00000000efd00000, 0x0000000100000000)
  eden space 64512K, 0% used [0x00000000eab00000,0x00000000eab00000,0x00000000eea00000)
  from space 9216K, 99% used [0x00000000eea00000,0x00000000ef2f8020,0x00000000ef300000)
  to   space 8192K, 0% used [0x00000000ef300000,0x00000000ef300000,0x00000000efb00000)
 ParOldGen       total 44032K, used 14411K [0x00000000c0000000, 0x00000000c2b00000, 0x00000000eab00000)
  object space 44032K, 32% used [0x00000000c0000000,0x00000000c0e12cd0,0x00000000c2b00000)
 Metaspace       used 15773K, capacity 16088K, committed 16384K, reserved 1062912K
  class space    used 1874K, capacity 1950K, committed 2048K, reserved 1048576K
}
Event: 8.241 GC heap before
{Heap before GC invocations=8 (full 0):
 PSYoungGen      total 73728K, used 73696K [0x00000000eab00000, 0x00000000efd00000, 0x0000000100000000)
  eden space 64512K, 100% used [0x00000000eab00000,0x00000000eea00000,0x00000000eea00000)
  from space 9216K, 99% used [0x00000000eea00000,0x00000000ef2f8020,0x00000000ef300000)
  to   space 8192K, 0% used [0x00000000ef300000,0x00000000ef300000,0x00000000efb00000)
 ParOldGen       total 44032K, used 14411K [0x00000000c0000000, 0x00000000c2b00000, 0x00000000eab00000)
  object space 44032K, 32% used [0x00000000c0000000,0x00000000c0e12cd0,0x00000000c2b00000)
 Metaspace       used 17218K, capacity 17618K, committed 17792K, reserved 1064960K
  class space    used 2007K, capacity 2097K, committed 2176K, reserved 1048576K
Event: 8.275 GC heap after
Heap after GC invocations=8 (full 0):
 PSYoungGen      total 72704K, used 8176K [0x00000000eab00000, 0x00000000efd00000, 0x0000000100000000)
  eden space 64512K, 0% used [0x00000000eab00000,0x00000000eab00000,0x00000000eea00000)
  from space 8192K, 99% used [0x00000000ef300000,0x00000000efafc010,0x00000000efb00000)
  to   space 9216K, 0% used [0x00000000eea00000,0x00000000eea00000,0x00000000ef300000)
 ParOldGen       total 44032K, used 20036K [0x00000000c0000000, 0x00000000c2b00000, 0x00000000eab00000)
  object space 44032K, 45% used [0x00000000c0000000,0x00000000c1391228,0x00000000c2b00000)
 Metaspace       used 17218K, capacity 17618K, committed 17792K, reserved 1064960K
  class space    used 2007K, capacity 2097K, committed 2176K, reserved 1048576K
}
Event: 15.220 GC heap before
{Heap before GC invocations=9 (full 0):
 PSYoungGen      total 72704K, used 60785K [0x00000000eab00000, 0x00000000efd00000, 0x0000000100000000)
  eden space 64512K, 81% used [0x00000000eab00000,0x00000000ede60670,0x00000000eea00000)
  from space 8192K, 99% used [0x00000000ef300000,0x00000000efafc010,0x00000000efb00000)
  to   space 9216K, 0% used [0x00000000eea00000,0x00000000eea00000,0x00000000ef300000)
 ParOldGen       total 44032K, used 20036K [0x00000000c0000000, 0x00000000c2b00000, 0x00000000eab00000)
  object space 44032K, 45% used [0x00000000c0000000,0x00000000c1391228,0x00000000c2b00000)
 Metaspace       used 20676K, capacity 21170K, committed 21296K, reserved 1069056K
  class space    used 2446K, capacity 2570K, committed 2608K, reserved 1048576K
Event: 15.247 GC heap after
Heap after GC invocations=9 (full 0):
 PSYoungGen      total 73728K, used 9193K [0x00000000eab00000, 0x00000000efd00000, 0x0000000100000000)
  eden space 64512K, 0% used [0x00000000eab00000,0x00000000eab00000,0x00000000eea00000)
  from space 9216K, 99% used [0x00000000eea00000,0x00000000ef2fa4e8,0x00000000ef300000)
  to   space 8192K, 0% used [0x00000000ef300000,0x00000000ef300000,0x00000000efb00000)
 ParOldGen       total 44032K, used 24768K [0x00000000c0000000, 0x00000000c2b00000, 0x00000000eab00000)
  object space 44032K, 56% used [0x00000000c0000000,0x00000000c1830040,0x00000000c2b00000)
 Metaspace       used 20676K, capacity 21170K, committed 21296K, reserved 1069056K
  class space    used 2446K, capacity 2570K, committed 2608K, reserved 1048576K
}
Event: 15.247 GC heap before
{Heap before GC invocations=10 (full 1):
 PSYoungGen      total 73728K, used 9193K [0x00000000eab00000, 0x00000000efd00000, 0x0000000100000000)
  eden space 64512K, 0% used [0x00000000eab00000,0x00000000eab00000,0x00000000eea00000)
  from space 9216K, 99% used [0x00000000eea00000,0x00000000ef2fa4e8,0x00000000ef300000)
  to   space 8192K, 0% used [0x00000000ef300000,0x00000000ef300000,0x00000000efb00000)
 ParOldGen       total 44032K, used 24768K [0x00000000c0000000, 0x00000000c2b00000, 0x00000000eab00000)
  object space 44032K, 56% used [0x00000000c0000000,0x00000000c1830040,0x00000000c2b00000)
 Metaspace       used 20676K, capacity 21170K, committed 21296K, reserved 1069056K
  class space    used 2446K, capacity 2570K, committed 2608K, reserved 1048576K
Event: 15.479 GC heap after
Heap after GC invocations=10 (full 1):
 PSYoungGen      total 73728K, used 0K [0x00000000eab00000, 0x00000000efd00000, 0x0000000100000000)
  eden space 64512K, 0% used [0x00000000eab00000,0x00000000eab00000,0x00000000eea00000)
  from space 9216K, 0% used [0x00000000eea00000,0x00000000eea00000,0x00000000ef300000)
  to   space 8192K, 0% used [0x00000000ef300000,0x00000000ef300000,0x00000000efb00000)
 ParOldGen       total 58880K, used 26389K [0x00000000c0000000, 0x00000000c3980000, 0x00000000eab00000)
  object space 58880K, 44% used [0x00000000c0000000,0x00000000c19c5618,0x00000000c3980000)
 Metaspace       used 20676K, capacity 21170K, committed 21296K, reserved 1069056K
  class space    used 2446K, capacity 2570K, committed 2608K, reserved 1048576K
}

Deoptimization events (10 events):
Event: 9.678 Thread 0x0000000002070800 Uncommon trap: reason=unstable_if action=reinterpret pc=0x00000000029481a0 method=java.util.HashMap.hash(Ljava/lang/Object;)I @ 1
Event: 9.711 Thread 0x0000000002070800 Uncommon trap: reason=predicate action=maybe_recompile pc=0x0000000002f9af38 method=java.lang.String.regionMatches(ZILjava/lang/String;II)Z @ 63
Event: 15.031 Thread 0x0000000002070800 Uncommon trap: reason=unstable_if action=reinterpret pc=0x00000000032a4f4c method=org.codehaus.plexus.util.SelectorUtils.matchAntPathPattern([[C[[CZ)Z @ 27
Event: 15.217 Thread 0x0000000002070800 Uncommon trap: reason=unstable_if action=reinterpret pc=0x00000000028bcc8c method=sun.nio.cs.StreamDecoder.read0()I @ 11
Event: 18.568 Thread 0x0000000002070800 Uncommon trap: reason=class_check action=maybe_recompile pc=0x0000000002d58c24 method=java.util.Hashtable.get(Ljava/lang/Object;)Ljava/lang/Object; @ 6
Event: 18.577 Thread 0x0000000002070800 Uncommon trap: reason=unstable_if action=reinterpret pc=0x0000000002bc916c method=java.lang.reflect.Field.get(Ljava/lang/Object;)Ljava/lang/Object; @ 4
Event: 18.601 Thread 0x0000000002070800 Uncommon trap: reason=unstable_if action=reinterpret pc=0x00000000030f901c method=java.lang.AbstractStringBuilder.append(Ljava/lang/String;)Ljava/lang/AbstractStringBuilder; @ 1
Event: 18.601 Thread 0x0000000002070800 Uncommon trap: reason=class_check action=maybe_recompile pc=0x0000000002d58c24 method=java.util.Hashtable.get(Ljava/lang/Object;)Ljava/lang/Object; @ 6
Event: 18.601 Thread 0x0000000002070800 Uncommon trap: reason=class_check action=maybe_recompile pc=0x0000000002d58c24 method=java.util.Hashtable.get(Ljava/lang/Object;)Ljava/lang/Object; @ 6
Event: 18.602 Thread 0x0000000002070800 Uncommon trap: reason=class_check action=maybe_recompile pc=0x0000000002d58c24 method=java.util.Hashtable.get(Ljava/lang/Object;)Ljava/lang/Object; @ 6

Classes redefined (0 events):
No events

Internal exceptions (10 events):
Event: 2.310 Thread 0x0000000002070800 Implicit null exception at 0x00000000027e498b to 0x00000000027e4b35
Event: 3.047 Thread 0x0000000002070800 Implicit null exception at 0x0000000002bce167 to 0x0000000002bce3b1
Event: 3.487 Thread 0x0000000002070800 Implicit null exception at 0x000000000299b345 to 0x000000000299b519
Event: 3.487 Thread 0x0000000002070800 Implicit null exception at 0x00000000029469ef to 0x0000000002946a55
Event: 3.677 Thread 0x0000000002070800 Implicit null exception at 0x0000000002d265a7 to 0x0000000002d267f1
Event: 5.834 Thread 0x0000000002070800 Implicit null exception at 0x0000000002ee16c9 to 0x0000000002ee4251
Event: 7.678 Thread 0x0000000002070800 Implicit null exception at 0x0000000002e74e13 to 0x0000000002e76061
Event: 9.678 Thread 0x0000000002070800 Implicit null exception at 0x0000000002948108 to 0x0000000002948196
Event: 18.508 Thread 0x0000000002070800 Exception <a 'java/lang/NoClassDefFoundError': org/sonatype/aether/version/VersionConstraint> (0x00000000ed834ec0) thrown at [C:\re\workspace\8-2-build-windows-amd64-cygwin\jdk8u171\10807\hotspot\src\share\vm\classfile\systemDictionary.cpp, line 199]
Event: 18.601 Thread 0x0000000002070800 Implicit null exception at 0x00000000030f8ace to 0x00000000030f900d

Events (10 events):
Event: 19.477 loading class org/springframework/boot/loader/tools/JarWriter$IdentityEntryTransformer
Event: 19.477 loading class org/springframework/boot/loader/tools/JarWriter$IdentityEntryTransformer done
Event: 19.478 loading class org/springframework/boot/loader/tools/JarWriter$InputStreamEntryWriter
Event: 19.478 loading class org/springframework/boot/loader/tools/JarWriter$InputStreamEntryWriter done
Event: 19.478 loading class org/springframework/boot/loader/tools/JarWriter$InputStreamEntryWriter
Event: 19.478 loading class org/springframework/boot/loader/tools/JarWriter$InputStreamEntryWriter done
Event: 19.540 loading class org/springframework/boot/loader/tools/JarWriter$CrcAndSize
Event: 19.540 loading class org/springframework/boot/loader/tools/JarWriter$CrcAndSize done
Event: 19.540 loading class org/springframework/boot/loader/tools/JarWriter$CrcAndSize
Event: 19.540 loading class org/springframework/boot/loader/tools/JarWriter$CrcAndSize done


Dynamic libraries:
0x000000013f2f0000 - 0x000000013f327000 	C:\Program Files\Java\jdk1.8.0_171\bin\java.exe
0x0000000077740000 - 0x00000000778ea000 	C:\Windows\SYSTEM32\ntdll.dll
0x0000000077520000 - 0x000000007763f000 	C:\Windows\system32\kernel32.dll
0x000007fefd670000 - 0x000007fefd6da000 	C:\Windows\system32\KERNELBASE.dll
0x000007feff1a0000 - 0x000007feff27b000 	C:\Windows\system32\ADVAPI32.dll
0x000007fefed70000 - 0x000007fefee0f000 	C:\Windows\system32\msvcrt.dll
0x000007feff400000 - 0x000007feff41f000 	C:\Windows\SYSTEM32\sechost.dll
0x000007feff5b0000 - 0x000007feff6dd000 	C:\Windows\system32\RPCRT4.dll
0x0000000077640000 - 0x000000007773a000 	C:\Windows\system32\USER32.dll
0x000007fefdf70000 - 0x000007fefdfd7000 	C:\Windows\system32\GDI32.dll
0x000007feff190000 - 0x000007feff19e000 	C:\Windows\system32\LPK.dll
0x000007fefdac0000 - 0x000007fefdb8b000 	C:\Windows\system32\USP10.dll
0x000007fefbd30000 - 0x000007fefbf24000 	C:\Windows\WinSxS\amd64_microsoft.windows.common-controls_6595b64144ccf1df_6.0.7601.23403_none_e36ad4593102f066\COMCTL32.dll
0x000007fefdef0000 - 0x000007fefdf61000 	C:\Windows\system32\SHLWAPI.dll
0x000007fefde30000 - 0x000007fefde5e000 	C:\Windows\system32\IMM32.DLL
0x000007feff6e0000 - 0x000007feff7e9000 	C:\Windows\system32\MSCTF.dll
0x0000000072cf0000 - 0x0000000072dc2000 	C:\Program Files\Java\jdk1.8.0_171\jre\bin\msvcr100.dll
0x0000000070040000 - 0x00000000708e0000 	C:\Program Files\Java\jdk1.8.0_171\jre\bin\server\jvm.dll
0x000007fef7560000 - 0x000007fef7569000 	C:\Windows\system32\WSOCK32.dll
0x000007fefee10000 - 0x000007fefee5d000 	C:\Windows\system32\WS2_32.dll
0x000007fefde60000 - 0x000007fefde68000 	C:\Windows\system32\NSI.dll
0x000007fef8390000 - 0x000007fef83cb000 	C:\Windows\system32\WINMM.dll
0x000007fefc500000 - 0x000007fefc50c000 	C:\Windows\system32\VERSION.dll
0x0000000077910000 - 0x0000000077917000 	C:\Windows\system32\PSAPI.DLL
0x0000000074010000 - 0x000000007401f000 	C:\Program Files\Java\jdk1.8.0_171\jre\bin\verify.dll
0x0000000073a60000 - 0x0000000073a89000 	C:\Program Files\Java\jdk1.8.0_171\jre\bin\java.dll
0x00000000739a0000 - 0x00000000739c3000 	C:\Program Files\Java\jdk1.8.0_171\jre\bin\instrument.dll
0x0000000073ce0000 - 0x0000000073cf6000 	C:\Program Files\Java\jdk1.8.0_171\jre\bin\zip.dll
0x000007fefdfe0000 - 0x000007fefed6a000 	C:\Windows\system32\SHELL32.dll
0x000007fefdc30000 - 0x000007fefde2c000 	C:\Windows\system32\ole32.dll
0x000007fefd440000 - 0x000007fefd44f000 	C:\Windows\system32\profapi.dll
0x000007fef69e0000 - 0x000007fef69fa000 	C:\Program Files\JetBrains\IntelliJ IDEA 2018.1.3\bin\breakgen64.dll
0x0000000073b90000 - 0x0000000073baa000 	C:\Program Files\Java\jdk1.8.0_171\jre\bin\net.dll
0x000007fefcbc0000 - 0x000007fefcc15000 	C:\Windows\system32\mswsock.dll
0x000007fefcbb0000 - 0x000007fefcbb7000 	C:\Windows\System32\wship6.dll
0x0000000073ac0000 - 0x0000000073ad1000 	C:\Program Files\Java\jdk1.8.0_171\jre\bin\nio.dll
0x000007fef2df0000 - 0x000007fef2f15000 	C:\Windows\system32\DBGHELP.DLL

VM Arguments:
jvm_args: -Dmaven.multiModuleProjectDirectory=C:\project\lichuanfoodservice -Dmaven.home=C:\Program Files\JetBrains\IntelliJ IDEA 2018.1.3\plugins\maven\lib\maven3 -Dclassworlds.conf=C:\Program Files\JetBrains\IntelliJ IDEA 2018.1.3\plugins\maven\lib\maven3\bin\m2.conf -javaagent:C:\Program Files\JetBrains\IntelliJ IDEA 2018.1.3\lib\idea_rt.jar=60447:C:\Program Files\JetBrains\IntelliJ IDEA 2018.1.3\bin -Dfile.encoding=UTF-8 
java_command: org.codehaus.classworlds.Launcher -Didea.version=2018.1.3 package -f pom.xml
java_class_path (initial): C:\Program Files\JetBrains\IntelliJ IDEA 2018.1.3\plugins\maven\lib\maven3\boot\plexus-classworlds-2.5.2.jar;C:\Program Files\JetBrains\IntelliJ IDEA 2018.1.3\lib\idea_rt.jar
Launcher Type: SUN_STANDARD

Environment Variables:
JAVA_HOME=C:\Program Files\Java\jdk1.8.0_171
PATH=C:\Program Files (x86)\Common Files\Oracle\Java\javapath;C:\Windows\system32;C:\Windows;C:\Windows\System32\Wbem;C:\Windows\System32\WindowsPowerShell\v1.0\;C:\Windows\System32\WindowsPowerShell\v1.0\;C:\Program Files\Git\cmd;%CATALINA_HOME%\bin;%JAVA_HOME%\bin;C:\Program Files\Redis\;C:\Users\Administrator\AppData\Local\GitHubDesktop\bin
USERNAME=Administrator
OS=Windows_NT
PROCESSOR_IDENTIFIER=Intel64 Family 6 Model 85 Stepping 4, GenuineIntel



---------------  S Y S T E M  ---------------

OS: Windows Server 2008 R2 , 64 bit Build 7601 (6.1.7601.23889)

CPU:total 2 (initial active 2) (1 cores per cpu, 2 threads per core) family 6 model 85 stepping 4, cmov, cx8, fxsr, mmx, sse, sse2, sse3, ssse3, sse4.1, sse4.2, popcnt, avx, avx2, aes, clmul, erms, rtm, 3dnowpref, lzcnt, ht, tsc, bmi1, bmi2, adx

Memory: 4k page, physical 4193784k(624124k free), swap 4191924k(5148k free)

vm_info: Java HotSpot(TM) 64-Bit Server VM (25.171-b11) for windows-amd64 JRE (1.8.0_171-b11), built on Mar 28 2018 16:06:12 by "java_re" with MS VC++ 10.0 (VS2010)

time: Tue Oct 02 23:44:04 2018
elapsed time: 19 seconds (0d 0h 0m 19s)

